<?xml version="1.0" encoding="UTF-8" ?>
<testsuites>
  <testsuite errors="0" failures="0" hostname="Masterslave" id="0" name="LineTest" package="hr.fer.zemris.java.hw11.jvdraw.objects" skipped="0" tests="1" time="0.364" timestamp="2014-05-25T21:24:55">
      <properties>
[...]
</properties>

      <testcase classname="hr.fer.zemris.java.hw11.jvdraw.objects.LineTest" name="toFileTest" time="0.242" />

      <system-out><![CDATA[]]></system-out>

      <system-err><![CDATA[]]></system-err>

  </testsuite>
</testsuites>
