<?xml version="1.0" encoding="UTF-8" ?>
<testsuite errors="0" failures="0" hostname="Masterslave" name="hr.fer.zemris.java.tecaj_2.jcomp.impl.instructions.InstrMoveTest" skipped="0" tests="4" time="0.016" timestamp="2014-04-13T17:31:54">
  <properties>
[...]
</properties>
  <testcase classname="hr.fer.zemris.java.tecaj_2.jcomp.impl.instructions.InstrMoveTest" name="MoveTestException1" time="0.001" />
  <testcase classname="hr.fer.zemris.java.tecaj_2.jcomp.impl.instructions.InstrMoveTest" name="MoveTestException2" time="0.001" />
  <testcase classname="hr.fer.zemris.java.tecaj_2.jcomp.impl.instructions.InstrMoveTest" name="MoveTestException3" time="0.0" />
  <testcase classname="hr.fer.zemris.java.tecaj_2.jcomp.impl.instructions.InstrMoveTest" name="MoveTest" time="0.001" />
  <system-out><![CDATA[]]></system-out>
  <system-err><![CDATA[]]></system-err>
</testsuite>
